<?xml version="1.0" encoding="UTF-8"?>
<!-- Generated by org.testng.reporters.JUnitReportReporter -->
<testsuite skipped="0" hostname="MONIDEEPA-HP" name="com.crm.qa.testcases.SignupTest" tests="1" failures="0" timestamp="06 Jul 2018 14:25:15 GMT" time="28.785" errors="0">
  <testcase name="click" time="28.785" classname="com.crm.qa.testcases.SignupTest"/>
</testsuite> <!-- com.crm.qa.testcases.SignupTest -->
