<?xml version="1.0" encoding="UTF-8"?>
<!-- Generated by org.testng.reporters.JUnitReportReporter -->
<testsuite skipped="0" hostname="MONIDEEPA-HP" name="com.crm.qa.testcases.SelectingDateFromCalendarTest" tests="1" failures="0" timestamp="27 Jan 2019 15:45:28 GMT" time="3.350" errors="0">
  <testcase name="selectingDateFromCalendar" time="3.350" classname="com.crm.qa.testcases.SelectingDateFromCalendarTest"/>
</testsuite> <!-- com.crm.qa.testcases.SelectingDateFromCalendarTest -->
