<?xml version="1.0" encoding="UTF-8"?>
<!-- Generated by org.testng.reporters.JUnitReportReporter -->
<testsuite skipped="0" hostname="MONIDEEPA-HP" name="com.crm.qa.testcases.NewDealTest" tests="1" failures="0" timestamp="15 Jan 2019 21:09:25 GMT" time="38.472" errors="0">
  <testcase name="NewDealTest" time="38.472" classname="com.crm.qa.testcases.NewDealTest"/>
</testsuite> <!-- com.crm.qa.testcases.NewDealTest -->
