<?xml version="1.0" encoding="UTF-8"?>
<!-- Generated by org.testng.reporters.JUnitReportReporter -->
<testsuite skipped="0" hostname="MONIDEEPA-HP" name="com.crm.qa.testcases.NewCompanyPageTest" tests="1" failures="0" timestamp="23 Jul 2018 19:59:56 GMT" time="20.398" errors="0">
  <testcase name="NewCompanyPage" time="20.398" classname="com.crm.qa.testcases.NewCompanyPageTest"/>
</testsuite> <!-- com.crm.qa.testcases.NewCompanyPageTest -->
