<?xml version="1.0" encoding="UTF-8"?>
<!-- Generated by org.testng.reporters.JUnitReportReporter -->
<testsuite skipped="0" hostname="MONIDEEPA-HP" name="com.crm.qa.testcases.CalendarNewEventTest" tests="1" failures="0" timestamp="15 Jan 2019 03:16:47 GMT" time="36.905" errors="0">
  <testcase name="CalendarNewEventTest" time="36.905" classname="com.crm.qa.testcases.CalendarNewEventTest"/>
</testsuite> <!-- com.crm.qa.testcases.CalendarNewEventTest -->
