<?xml version="1.0" encoding="UTF-8"?>
<!-- Generated by org.testng.reporters.JUnitReportReporter -->
<testsuite skipped="0" hostname="Subhajit" name="com.crm.qa.testcases.TestngPriority" tests="2" failures="0" timestamp="18 Feb 2019 09:46:04 GMT" time="0.022" errors="0">
  <testcase name="test1" time="0.000" classname="com.crm.qa.testcases.TestngPriority"/>
  <testcase name="test" time="0.022" classname="com.crm.qa.testcases.TestngPriority"/>
</testsuite> <!-- com.crm.qa.testcases.TestngPriority -->
