<?xml version="1.0" encoding="UTF-8"?>
<!-- Generated by org.testng.reporters.JUnitReportReporter -->
<testsuite skipped="0" hostname="MONIDEEPA-HP" name="com.crm.qa.testcases.LoginTest" tests="1" failures="0" timestamp="14 Jul 2018 20:01:01 GMT" time="28.647" errors="0">
  <testcase name="usernametype" time="28.647" classname="com.crm.qa.testcases.LoginTest"/>
</testsuite> <!-- com.crm.qa.testcases.LoginTest -->
