<?xml version="1.0" encoding="UTF-8"?>
<!-- Generated by org.testng.reporters.JUnitReportReporter -->
<testsuite skipped="0" hostname="MONIDEEPA-HP" name="com.crm.qa.testcases.CalendarNewEventTest" tests="1" failures="0" timestamp="15 Jul 2018 18:59:37 GMT" time="23.603" errors="0">
  <testcase name="test" time="23.603" classname="com.crm.qa.testcases.CalendarNewEventTest"/>
</testsuite> <!-- com.crm.qa.testcases.CalendarNewEventTest -->
