<?xml version="1.0" encoding="UTF-8"?>
<!-- Generated by org.testng.reporters.JUnitReportReporter -->
<testsuite skipped="0" hostname="MONIDEEPA-HP" name="com.crm.qa.testcases.TestngPriority" tests="2" failures="0" timestamp="23 Jul 2018 16:50:44 GMT" time="0.007" errors="0">
  <testcase name="test1" time="0.002" classname="com.crm.qa.testcases.TestngPriority"/>
  <testcase name="test" time="0.005" classname="com.crm.qa.testcases.TestngPriority"/>
</testsuite> <!-- com.crm.qa.testcases.TestngPriority -->
