<?xml version="1.0" encoding="UTF-8"?>
<!-- Generated by org.testng.reporters.JUnitReportReporter -->
<testsuite skipped="0" hostname="MONIDEEPA-HP" name="com.crm.qa.testcases.HomePageTest" tests="1" failures="0" timestamp="23 Jul 2018 16:49:16 GMT" time="25.909" errors="0">
  <testcase name="TestingHomePage" time="25.909" classname="com.crm.qa.testcases.HomePageTest"/>
</testsuite> <!-- com.crm.qa.testcases.HomePageTest -->
