<?xml version="1.0" encoding="UTF-8"?>
<!-- Generated by org.testng.reporters.JUnitReportReporter -->
<testsuite skipped="0" hostname="Subhajit" name="com.crm.qa.testcases.ContactTest" tests="1" failures="0" timestamp="27 Feb 2019 06:33:54 GMT" time="33.406" errors="0">
  <testcase name="contactPageTest" time="33.406" classname="com.crm.qa.testcases.ContactTest"/>
</testsuite> <!-- com.crm.qa.testcases.ContactTest -->
